2002.05.07 03:29 B C:\penweb1\brushvalley\1a.jpg <-- PennWeb /users/brushvalley/web 1a.jpg
2002.05.07 03:29 B C:\penweb1\brushvalley\1b.jpg <-- PennWeb /users/brushvalley/web 1b.jpg
2002.05.07 03:29 B C:\penweb1\brushvalley\1c.jpg <-- PennWeb /users/brushvalley/web 1c.jpg
2002.05.07 03:29 B C:\penweb1\brushvalley\2a.jpg <-- PennWeb /users/brushvalley/web 2a.jpg
2002.05.07 03:29 B C:\penweb1\brushvalley\2b.jpg <-- PennWeb /users/brushvalley/web 2b.jpg
2002.05.07 03:29 B C:\penweb1\brushvalley\2c.jpg <-- PennWeb /users/brushvalley/web 2c.jpg
2002.05.07 03:29 B C:\penweb1\brushvalley\3a.jpg <-- PennWeb /users/brushvalley/web 3a.jpg
2002.05.07 03:29 B C:\penweb1\brushvalley\3b.jpg <-- PennWeb /users/brushvalley/web 3b.jpg
2002.05.07 03:29 B C:\penweb1\brushvalley\3c.jpg <-- PennWeb /users/brushvalley/web 3c.jpg
2002.05.07 03:29 B C:\penweb1\brushvalley\4a.jpg <-- PennWeb /users/brushvalley/web 4a.jpg
2002.05.07 03:29 B C:\penweb1\brushvalley\4b.jpg <-- PennWeb /users/brushvalley/web 4b.jpg
2002.05.07 03:29 B C:\penweb1\brushvalley\4c.jpg <-- PennWeb /users/brushvalley/web 4c.jpg
2002.05.07 03:29 B C:\penweb1\brushvalley\5a.jpg <-- PennWeb /users/brushvalley/web 5a.jpg
2002.05.07 03:29 B C:\penweb1\brushvalley\5b.jpg <-- PennWeb /users/brushvalley/web 5b.jpg
2002.05.07 03:29 B C:\penweb1\brushvalley\5c.jpg <-- PennWeb /users/brushvalley/web 5c.jpg
2002.05.07 03:29 B C:\penweb1\brushvalley\6a.jpg <-- PennWeb /users/brushvalley/web 6a.jpg
2002.05.07 03:29 B C:\penweb1\brushvalley\6b.jpg <-- PennWeb /users/brushvalley/web 6b.jpg
2002.05.07 03:29 B C:\penweb1\brushvalley\6c.jpg <-- PennWeb /users/brushvalley/web 6c.jpg
2002.05.07 03:29 B C:\penweb1\brushvalley\7a.jpg <-- PennWeb /users/brushvalley/web 7a.jpg
2002.05.07 03:29 B C:\penweb1\brushvalley\7b.jpg <-- PennWeb /users/brushvalley/web 7b.jpg
2002.05.07 03:29 B C:\penweb1\brushvalley\7c.jpg <-- PennWeb /users/brushvalley/web 7c.jpg
2002.05.07 03:29 B C:\penweb1\brushvalley\8a.jpg <-- PennWeb /users/brushvalley/web 8a.jpg
2002.05.07 03:30 B C:\penweb1\brushvalley\8b.jpg <-- PennWeb /users/brushvalley/web 8b.jpg
2002.05.07 03:30 B C:\penweb1\brushvalley\8c.jpg <-- PennWeb /users/brushvalley/web 8c.jpg
2002.05.07 03:30 B C:\penweb1\brushvalley\900.html <-- PennWeb /users/brushvalley/web 900.html
2002.05.07 03:30 B C:\penweb1\brushvalley\900acres.bmp <-- PennWeb /users/brushvalley/web 900acres.bmp
2002.05.07 03:30 B C:\penweb1\brushvalley\900acres.html <-- PennWeb /users/brushvalley/web 900acres.html
2002.05.07 03:30 B C:\penweb1\brushvalley\900acres.jpg <-- PennWeb /users/brushvalley/web 900acres.jpg
2002.05.07 03:30 B C:\penweb1\brushvalley\agency.html <-- PennWeb /users/brushvalley/web agency.html
2002.05.07 03:30 B C:\penweb1\brushvalley\ajbut1.gif <-- PennWeb /users/brushvalley/web ajbut1.gif
2002.05.07 03:30 B C:\penweb1\brushvalley\anfy.class <-- PennWeb /users/brushvalley/web anfy.class
2002.05.07 03:30 B C:\penweb1\brushvalley\big900.jpg <-- PennWeb /users/brushvalley/web big900.jpg
2002.05.07 03:31 B C:\penweb1\brushvalley\bignemap.gif <-- PennWeb /users/brushvalley/web bignemap.gif
2002.05.07 03:31 B C:\penweb1\brushvalley\bookflip.class <-- PennWeb /users/brushvalley/web bookflip.class
2002.05.07 03:31 B C:\penweb1\brushvalley\bookflip.jar <-- PennWeb /users/brushvalley/web bookflip.jar
2002.05.07 03:31 B C:\penweb1\brushvalley\bop.html <-- PennWeb /users/brushvalley/web bop.html
2002.05.07 03:31 B C:\penweb1\brushvalley\bullet.gif <-- PennWeb /users/brushvalley/web bullet.gif
2002.05.07 03:31 B C:\penweb1\brushvalley\bvpa.html <-- PennWeb /users/brushvalley/web bvpa.html
2002.05.07 03:31 B C:\penweb1\brushvalley\bvpa1.html <-- PennWeb /users/brushvalley/web bvpa1.html
2002.05.07 03:31 B C:\penweb1\brushvalley\bvpa2.html <-- PennWeb /users/brushvalley/web bvpa2.html
2002.05.07 03:31 B C:\penweb1\brushvalley\circlelake.bmp <-- PennWeb /users/brushvalley/web circlelake.bmp
2002.05.07 03:31 B C:\penweb1\brushvalley\contact.bmp <-- PennWeb /users/brushvalley/web contact.bmp
2002.05.07 03:31 B C:\penweb1\brushvalley\contact.html <-- PennWeb /users/brushvalley/web contact.html
2002.05.07 03:31 B C:\penweb1\brushvalley\contact1.html <-- PennWeb /users/brushvalley/web contact1.html
2002.05.07 03:31 B C:\penweb1\brushvalley\contact2.html <-- PennWeb /users/brushvalley/web contact2.html
2002.05.07 03:31 B C:\penweb1\brushvalley\decide.html <-- PennWeb /users/brushvalley/web decide.html
2002.05.07 03:31 B C:\penweb1\brushvalley\deis.html <-- PennWeb /users/brushvalley/web deis.html
2002.05.07 03:31 B C:\penweb1\brushvalley\depdcnr.html <-- PennWeb /users/brushvalley/web depdcnr.html
2002.05.07 03:31 B C:\penweb1\brushvalley\depdcnr1.jpg <-- PennWeb /users/brushvalley/web depdcnr1.jpg
2002.05.07 03:31 B C:\penweb1\brushvalley\depdcnr2.html <-- PennWeb /users/brushvalley/web depdcnr2.html
2002.05.07 03:31 B C:\penweb1\brushvalley\depdcnr2.JPG <-- PennWeb /users/brushvalley/web depdcnr2.JPG
2002.05.07 03:31 B C:\penweb1\brushvalley\depdcnr3.html <-- PennWeb /users/brushvalley/web depdcnr3.html
2002.05.07 03:31 B C:\penweb1\brushvalley\depdcnr3.JPG <-- PennWeb /users/brushvalley/web depdcnr3.JPG
2002.05.07 03:31 B C:\penweb1\brushvalley\dgaletter.html <-- PennWeb /users/brushvalley/web dgaletter.html
2002.05.07 03:31 B C:\penweb1\brushvalley\dgaletter.jpg <-- PennWeb /users/brushvalley/web dgaletter.jpg
2002.05.07 03:31 B C:\penweb1\brushvalley\editorial.html <-- PennWeb /users/brushvalley/web editorial.html
2002.05.07 03:31 B C:\penweb1\brushvalley\ek1.html <-- PennWeb /users/brushvalley/web ek1.html
2002.05.07 03:31 B C:\penweb1\brushvalley\ek_022201.html <-- PennWeb /users/brushvalley/web ek_022201.html
2002.05.07 03:31 B C:\penweb1\brushvalley\ek_102500.html <-- PennWeb /users/brushvalley/web ek_102500.html
2002.05.07 03:31 B C:\penweb1\brushvalley\ek_111600.html <-- PennWeb /users/brushvalley/web ek_111600.html
2002.05.07 03:31 B C:\penweb1\brushvalley\ekletter.gif <-- PennWeb /users/brushvalley/web ekletter.gif
2002.05.07 03:31 B C:\penweb1\brushvalley\ekletter.html <-- PennWeb /users/brushvalley/web ekletter.html
2002.05.07 03:31 B C:\penweb1\brushvalley\email.bmp <-- PennWeb /users/brushvalley/web email.bmp
2002.05.07 03:31 B C:\penweb1\brushvalley\epa.html <-- PennWeb /users/brushvalley/web epa.html
2002.05.07 03:32 B C:\penweb1\brushvalley\epa1.jpg <-- PennWeb /users/brushvalley/web epa1.jpg
2002.05.07 03:32 B C:\penweb1\brushvalley\epa2.html <-- PennWeb /users/brushvalley/web epa2.html
2002.05.07 03:32 B C:\penweb1\brushvalley\epa2.JPG <-- PennWeb /users/brushvalley/web epa2.JPG
2002.05.07 03:32 B C:\penweb1\brushvalley\facts.html <-- PennWeb /users/brushvalley/web facts.html
2002.05.07 03:32 B C:\penweb1\brushvalley\fall00.bmp <-- PennWeb /users/brushvalley/web fall00.bmp
2002.05.07 03:32 B C:\penweb1\brushvalley\fishboat.html <-- PennWeb /users/brushvalley/web fishboat.html
2002.05.07 03:32 B C:\penweb1\brushvalley\fishboat.jpg <-- PennWeb /users/brushvalley/web fishboat.jpg
2002.05.07 03:32 B C:\penweb1\brushvalley\gallery.html <-- PennWeb /users/brushvalley/web gallery.html
2002.05.07 03:32 B C:\penweb1\brushvalley\help.html <-- PennWeb /users/brushvalley/web help.html
2002.05.07 03:32 B C:\penweb1\brushvalley\index.html <-- PennWeb /users/brushvalley/web index.html
2002.05.07 03:32 B C:\penweb1\brushvalley\interior.html <-- PennWeb /users/brushvalley/web interior.html
2002.05.07 03:32 B C:\penweb1\brushvalley\interior.jpg <-- PennWeb /users/brushvalley/web interior.jpg
2002.05.07 03:32 B C:\penweb1\brushvalley\Interior1.jpg <-- PennWeb /users/brushvalley/web Interior1.jpg
2002.05.07 03:32 B C:\penweb1\brushvalley\interior2.html <-- PennWeb /users/brushvalley/web interior2.html
2002.05.07 03:32 B C:\penweb1\brushvalley\Interior2.jpg <-- PennWeb /users/brushvalley/web Interior2.jpg
2002.05.07 03:33 B C:\penweb1\brushvalley\Interior2.JPG <-- PennWeb /users/brushvalley/web Interior2.JPG
2002.05.07 03:33 B C:\penweb1\brushvalley\interior3.html <-- PennWeb /users/brushvalley/web interior3.html
2002.05.07 03:33 B C:\penweb1\brushvalley\Interior3.JPG <-- PennWeb /users/brushvalley/web Interior3.JPG
2002.05.07 03:33 B C:\penweb1\brushvalley\interior4.html <-- PennWeb /users/brushvalley/web interior4.html
2002.05.07 03:33 B C:\penweb1\brushvalley\Interior4.JPG <-- PennWeb /users/brushvalley/web Interior4.JPG
2002.05.07 03:33 B C:\penweb1\brushvalley\interior5.html <-- PennWeb /users/brushvalley/web interior5.html
2002.05.07 03:33 B C:\penweb1\brushvalley\Interior5.JPG <-- PennWeb /users/brushvalley/web Interior5.JPG
2002.05.07 03:33 B C:\penweb1\brushvalley\jf072501.html <-- PennWeb /users/brushvalley/web jf072501.html
2002.05.07 03:33 B C:\penweb1\brushvalley\jf_010302.html <-- PennWeb /users/brushvalley/web jf_010302.html
2002.05.07 03:33 B C:\penweb1\brushvalley\jf_010501.html <-- PennWeb /users/brushvalley/web jf_010501.html
2002.05.07 03:33 B C:\penweb1\brushvalley\jf_011501.html <-- PennWeb /users/brushvalley/web jf_011501.html
2002.05.07 03:33 B C:\penweb1\brushvalley\jf_020101.html <-- PennWeb /users/brushvalley/web jf_020101.html
2002.05.07 03:33 B C:\penweb1\brushvalley\jf_021601.html <-- PennWeb /users/brushvalley/web jf_021601.html
2002.05.07 03:33 B C:\penweb1\brushvalley\jf_022302.html <-- PennWeb /users/brushvalley/web jf_022302.html
2002.05.07 03:33 B C:\penweb1\brushvalley\jf_030701.html <-- PennWeb /users/brushvalley/web jf_030701.html
2002.05.07 03:33 B C:\penweb1\brushvalley\jf_033101.html <-- PennWeb /users/brushvalley/web jf_033101.html
2002.05.07 03:33 B C:\penweb1\brushvalley\jf_050201.html <-- PennWeb /users/brushvalley/web jf_050201.html
2002.05.07 03:33 B C:\penweb1\brushvalley\jf_050901.html <-- PennWeb /users/brushvalley/web jf_050901.html
2002.05.07 03:33 B C:\penweb1\brushvalley\jf_082001.html <-- PennWeb /users/brushvalley/web jf_082001.html
2002.05.07 03:33 B C:\penweb1\brushvalley\jf_102201.html <-- PennWeb /users/brushvalley/web jf_102201.html
2002.05.07 03:33 B C:\penweb1\brushvalley\jf_111301.html <-- PennWeb /users/brushvalley/web jf_111301.html
2002.05.07 03:33 B C:\penweb1\brushvalley\jf_120800.html <-- PennWeb /users/brushvalley/web jf_120800.html
2002.05.07 03:33 B C:\penweb1\brushvalley\join.bmp <-- PennWeb /users/brushvalley/web join.bmp
2002.05.07 03:33 B C:\penweb1\brushvalley\joinbvpa.bmp <-- PennWeb /users/brushvalley/web joinbvpa.bmp
2002.05.07 03:33 B C:\penweb1\brushvalley\jr_010801.html <-- PennWeb /users/brushvalley/web jr_010801.html
2002.05.07 03:33 B C:\penweb1\brushvalley\jr_020301.html <-- PennWeb /users/brushvalley/web jr_020301.html
2002.05.07 03:33 B C:\penweb1\brushvalley\jr_021501.html <-- PennWeb /users/brushvalley/web jr_021501.html
2002.05.07 03:33 B C:\penweb1\brushvalley\jr_042800.html <-- PennWeb /users/brushvalley/web jr_042800.html
2002.05.07 03:33 B C:\penweb1\brushvalley\jr_043001.html <-- PennWeb /users/brushvalley/web jr_043001.html
2002.05.07 03:33 B C:\penweb1\brushvalley\jr_083000.html <-- PennWeb /users/brushvalley/web jr_083000.html
2002.05.07 03:33 B C:\penweb1\brushvalley\jr_102501.html <-- PennWeb /users/brushvalley/web jr_102501.html
2002.05.07 03:33 B C:\penweb1\brushvalley\jr_111500.html <-- PennWeb /users/brushvalley/web jr_111500.html
2002.05.07 03:33 B C:\penweb1\brushvalley\jr_121200.html <-- PennWeb /users/brushvalley/web jr_121200.html
2002.05.07 03:33 B C:\penweb1\brushvalley\jrf_033101.html <-- PennWeb /users/brushvalley/web jrf_033101.html
2002.05.07 03:33 B C:\penweb1\brushvalley\js062001.html <-- PennWeb /users/brushvalley/web js062001.html
2002.05.07 03:33 B C:\penweb1\brushvalley\letter.gif <-- PennWeb /users/brushvalley/web letter.gif
2002.05.07 03:33 B C:\penweb1\brushvalley\lhenryrpt.PDF <-- PennWeb /users/brushvalley/web lhenryrpt.PDF
2002.05.07 03:33 B C:\penweb1\brushvalley\links.html <-- PennWeb /users/brushvalley/web links.html
2002.05.07 03:33 B C:\penweb1\brushvalley\Lware.class <-- PennWeb /users/brushvalley/web Lware.class
2002.05.07 03:33 B C:\penweb1\brushvalley\mail.bmp <-- PennWeb /users/brushvalley/web mail.bmp
2002.05.07 03:33 B C:\penweb1\brushvalley\map.bmp <-- PennWeb /users/brushvalley/web map.bmp
2002.05.07 03:33 B C:\penweb1\brushvalley\map.html <-- PennWeb /users/brushvalley/web map.html
2002.05.07 03:34 B C:\penweb1\brushvalley\map.jpg <-- PennWeb /users/brushvalley/web map.jpg
2002.05.07 03:34 B C:\penweb1\brushvalley\member.bmp <-- PennWeb /users/brushvalley/web member.bmp
2002.05.07 03:34 B C:\penweb1\brushvalley\member.html <-- PennWeb /users/brushvalley/web member.html
2002.05.07 03:34 B C:\penweb1\brushvalley\member.jpg <-- PennWeb /users/brushvalley/web member.jpg
2002.05.07 03:34 B C:\penweb1\brushvalley\membership.exe <-- PennWeb /users/brushvalley/web membership.exe
2002.05.07 03:34 B C:\penweb1\brushvalley\minerpt.html <-- PennWeb /users/brushvalley/web minerpt.html
2002.05.07 03:34 B C:\penweb1\brushvalley\minerpt.jpg <-- PennWeb /users/brushvalley/web minerpt.jpg
2002.05.07 03:34 B C:\penweb1\brushvalley\minerpt2.html <-- PennWeb /users/brushvalley/web minerpt2.html
2002.05.07 03:34 B C:\penweb1\brushvalley\minerpt2.jpg <-- PennWeb /users/brushvalley/web minerpt2.jpg
2002.05.07 03:34 B C:\penweb1\brushvalley\minerpt3.html <-- PennWeb /users/brushvalley/web minerpt3.html
2002.05.07 03:34 B C:\penweb1\brushvalley\minerpt3.jpg <-- PennWeb /users/brushvalley/web minerpt3.jpg
2002.05.07 03:34 B C:\penweb1\brushvalley\mini1.bmp <-- PennWeb /users/brushvalley/web mini1.bmp
2002.05.07 03:34 B C:\penweb1\brushvalley\mini1.gif <-- PennWeb /users/brushvalley/web mini1.gif
2002.05.07 03:34 B C:\penweb1\brushvalley\mini10.bmp <-- PennWeb /users/brushvalley/web mini10.bmp
2002.05.07 03:34 B C:\penweb1\brushvalley\mini10.gif <-- PennWeb /users/brushvalley/web mini10.gif
2002.05.07 03:34 B C:\penweb1\brushvalley\mini12.bmp <-- PennWeb /users/brushvalley/web mini12.bmp
2002.05.07 03:34 B C:\penweb1\brushvalley\mini2.bmp <-- PennWeb /users/brushvalley/web mini2.bmp
2002.05.07 03:34 B C:\penweb1\brushvalley\mini4.bmp <-- PennWeb /users/brushvalley/web mini4.bmp
2002.05.07 03:34 B C:\penweb1\brushvalley\mini5.bmp <-- PennWeb /users/brushvalley/web mini5.bmp
2002.05.07 03:35 B C:\penweb1\brushvalley\mini6.bmp <-- PennWeb /users/brushvalley/web mini6.bmp
2002.05.07 03:35 B C:\penweb1\brushvalley\mini7.bmp <-- PennWeb /users/brushvalley/web mini7.bmp
2002.05.07 03:35 B C:\penweb1\brushvalley\mini7.gif <-- PennWeb /users/brushvalley/web mini7.gif
2002.05.07 03:35 B C:\penweb1\brushvalley\mini8.bmp <-- PennWeb /users/brushvalley/web mini8.bmp
2002.05.07 03:35 B C:\penweb1\brushvalley\mini9.bmp <-- PennWeb /users/brushvalley/web mini9.bmp
2002.05.07 03:35 B C:\penweb1\brushvalley\minibear.bmp <-- PennWeb /users/brushvalley/web minibear.bmp
2002.05.07 03:35 B C:\penweb1\brushvalley\minibear.gif <-- PennWeb /users/brushvalley/web minibear.gif
2002.05.07 03:35 B C:\penweb1\brushvalley\minibreast.bmp <-- PennWeb /users/brushvalley/web minibreast.bmp
2002.05.07 03:35 B C:\penweb1\brushvalley\minibuck1.bmp <-- PennWeb /users/brushvalley/web minibuck1.bmp
2002.05.07 03:35 B C:\penweb1\brushvalley\minibuck2.bmp <-- PennWeb /users/brushvalley/web minibuck2.bmp
2002.05.07 03:35 B C:\penweb1\brushvalley\minibuck3.bmp <-- PennWeb /users/brushvalley/web minibuck3.bmp
2002.05.07 03:35 B C:\penweb1\brushvalley\minibv6.bmp <-- PennWeb /users/brushvalley/web minibv6.bmp
2002.05.07 03:35 B C:\penweb1\brushvalley\minibv7.bmp <-- PennWeb /users/brushvalley/web minibv7.bmp
2002.05.07 03:35 B C:\penweb1\brushvalley\minibv9.bmp <-- PennWeb /users/brushvalley/web minibv9.bmp
2002.05.07 03:35 B C:\penweb1\brushvalley\minibwair.bmp <-- PennWeb /users/brushvalley/web minibwair.bmp
2002.05.07 03:35 B C:\penweb1\brushvalley\minibwlake.bmp <-- PennWeb /users/brushvalley/web minibwlake.bmp
2002.05.07 03:35 B C:\penweb1\brushvalley\minidam1.bmp <-- PennWeb /users/brushvalley/web minidam1.bmp
2002.05.07 03:35 B C:\penweb1\brushvalley\minidam2.bmp <-- PennWeb /users/brushvalley/web minidam2.bmp
2002.05.07 03:35 B C:\penweb1\brushvalley\minidam2.gif <-- PennWeb /users/brushvalley/web minidam2.gif
2002.05.07 03:36 B C:\penweb1\brushvalley\minideer.bmp <-- PennWeb /users/brushvalley/web minideer.bmp
2002.05.07 03:36 B C:\penweb1\brushvalley\minidoe.bmp <-- PennWeb /users/brushvalley/web minidoe.bmp
2002.05.07 03:36 B C:\penweb1\brushvalley\minidoe.gif <-- PennWeb /users/brushvalley/web minidoe.gif
2002.05.07 03:36 B C:\penweb1\brushvalley\minifawn.bmp <-- PennWeb /users/brushvalley/web minifawn.bmp
2002.05.07 03:36 B C:\penweb1\brushvalley\minigeese.bmp <-- PennWeb /users/brushvalley/web minigeese.bmp
2002.05.07 03:36 B C:\penweb1\brushvalley\minigeese.gif <-- PennWeb /users/brushvalley/web minigeese.gif
2002.05.07 03:36 B C:\penweb1\brushvalley\minigrouse.bmp <-- PennWeb /users/brushvalley/web minigrouse.bmp
2002.05.07 03:36 B C:\penweb1\brushvalley\minigrouse.gif <-- PennWeb /users/brushvalley/web minigrouse.gif
2002.05.07 03:36 B C:\penweb1\brushvalley\minilake1.bmp <-- PennWeb /users/brushvalley/web minilake1.bmp
2002.05.07 03:36 B C:\penweb1\brushvalley\minisprings1.bmp <-- PennWeb /users/brushvalley/web minisprings1.bmp
2002.05.07 03:36 B C:\penweb1\brushvalley\mplletter.html <-- PennWeb /users/brushvalley/web mplletter.html
2002.05.07 03:36 B C:\penweb1\brushvalley\mplletter.jpg <-- PennWeb /users/brushvalley/web mplletter.jpg
2002.05.07 03:36 B C:\penweb1\brushvalley\nateast.html <-- PennWeb /users/brushvalley/web nateast.html
2002.05.07 03:36 B C:\penweb1\brushvalley\nd072001.html <-- PennWeb /users/brushvalley/web nd072001.html
2002.05.07 03:36 B C:\penweb1\brushvalley\nd_010801.html <-- PennWeb /users/brushvalley/web nd_010801.html
2002.05.07 03:36 B C:\penweb1\brushvalley\nd_021502.html <-- PennWeb /users/brushvalley/web nd_021502.html
2002.05.07 03:36 B C:\penweb1\brushvalley\nd_022001.html <-- PennWeb /users/brushvalley/web nd_022001.html
2002.05.07 03:36 B C:\penweb1\brushvalley\nd_041101.html <-- PennWeb /users/brushvalley/web nd_041101.html
2002.05.07 03:36 B C:\penweb1\brushvalley\nd_052401.html <-- PennWeb /users/brushvalley/web nd_052401.html
2002.05.07 03:36 B C:\penweb1\brushvalley\nd_090401.html <-- PennWeb /users/brushvalley/web nd_090401.html
2002.05.07 03:36 B C:\penweb1\brushvalley\nd_091001.html <-- PennWeb /users/brushvalley/web nd_091001.html
2002.05.07 03:36 B C:\penweb1\brushvalley\nd_110201.html <-- PennWeb /users/brushvalley/web nd_110201.html
2002.05.07 03:36 B C:\penweb1\brushvalley\nd_112300.html <-- PennWeb /users/brushvalley/web nd_112300.html
2002.05.07 03:36 B C:\penweb1\brushvalley\nemap.gif <-- PennWeb /users/brushvalley/web nemap.gif
2002.05.07 03:36 B C:\penweb1\brushvalley\nemap.html <-- PennWeb /users/brushvalley/web nemap.html
2002.05.07 03:36 B C:\penweb1\brushvalley\news.EXE <-- PennWeb /users/brushvalley/web news.EXE
2002.05.07 03:37 B C:\penweb1\brushvalley\newslet1.EXE <-- PennWeb /users/brushvalley/web newslet1.EXE
2002.05.07 03:37 B C:\penweb1\brushvalley\newslet2.exe <-- PennWeb /users/brushvalley/web newslet2.exe
2002.05.07 03:37 B C:\penweb1\brushvalley\newslet3.exe <-- PennWeb /users/brushvalley/web newslet3.exe
2002.05.07 03:37 B C:\penweb1\brushvalley\newsletter.EXE <-- PennWeb /users/brushvalley/web newsletter.EXE
2002.05.07 03:37 B C:\penweb1\brushvalley\newsletter.html <-- PennWeb /users/brushvalley/web newsletter.html
2002.05.07 03:37 B C:\penweb1\brushvalley\noframesbvpa.html <-- PennWeb /users/brushvalley/web noframesbvpa.html
2002.05.07 03:37 B C:\penweb1\brushvalley\penpaper.bmp <-- PennWeb /users/brushvalley/web penpaper.bmp
2002.05.07 03:37 B C:\penweb1\brushvalley\photo1.jpg <-- PennWeb /users/brushvalley/web photo1.jpg
2002.05.07 03:37 B C:\penweb1\brushvalley\photo5.jpg <-- PennWeb /users/brushvalley/web photo5.jpg
2002.05.07 03:37 B C:\penweb1\brushvalley\photo7.jpg <-- PennWeb /users/brushvalley/web photo7.jpg
2002.05.07 03:37 B C:\penweb1\brushvalley\photo8.jpg <-- PennWeb /users/brushvalley/web photo8.jpg
2002.05.07 03:37 B C:\penweb1\brushvalley\politician.html <-- PennWeb /users/brushvalley/web politician.html
2002.05.07 03:37 B C:\penweb1\brushvalley\pr1.html <-- PennWeb /users/brushvalley/web pr1.html
2002.05.07 03:37 B C:\penweb1\brushvalley\pr10.html <-- PennWeb /users/brushvalley/web pr10.html
2002.05.07 03:37 B C:\penweb1\brushvalley\pr11.html <-- PennWeb /users/brushvalley/web pr11.html
2002.05.07 03:37 B C:\penweb1\brushvalley\pr12.html <-- PennWeb /users/brushvalley/web pr12.html
2002.05.07 03:37 B C:\penweb1\brushvalley\pr13.html <-- PennWeb /users/brushvalley/web pr13.html
2002.05.07 03:37 B C:\penweb1\brushvalley\pr14.html <-- PennWeb /users/brushvalley/web pr14.html
2002.05.07 03:37 B C:\penweb1\brushvalley\pr15.html <-- PennWeb /users/brushvalley/web pr15.html
2002.05.07 03:37 B C:\penweb1\brushvalley\pr16.html <-- PennWeb /users/brushvalley/web pr16.html
2002.05.07 03:37 B C:\penweb1\brushvalley\pr2.html <-- PennWeb /users/brushvalley/web pr2.html
2002.05.07 03:37 B C:\penweb1\brushvalley\pr3.html <-- PennWeb /users/brushvalley/web pr3.html
2002.05.07 03:37 B C:\penweb1\brushvalley\pr4.html <-- PennWeb /users/brushvalley/web pr4.html
2002.05.07 03:37 B C:\penweb1\brushvalley\pr5.html <-- PennWeb /users/brushvalley/web pr5.html
2002.05.07 03:37 B C:\penweb1\brushvalley\pr6.html <-- PennWeb /users/brushvalley/web pr6.html
2002.05.07 03:38 B C:\penweb1\brushvalley\pr7.html <-- PennWeb /users/brushvalley/web pr7.html
2002.05.07 03:38 B C:\penweb1\brushvalley\pr8.html <-- PennWeb /users/brushvalley/web pr8.html
2002.05.07 03:38 B C:\penweb1\brushvalley\pr9.html <-- PennWeb /users/brushvalley/web pr9.html
2002.05.07 03:38 B C:\penweb1\brushvalley\press.html <-- PennWeb /users/brushvalley/web press.html
2002.05.07 03:38 B C:\penweb1\brushvalley\prone.html <-- PennWeb /users/brushvalley/web prone.html
2002.05.07 03:38 B C:\penweb1\brushvalley\prtwo.html <-- PennWeb /users/brushvalley/web prtwo.html
2002.05.07 03:38 B C:\penweb1\brushvalley\psc.html <-- PennWeb /users/brushvalley/web psc.html
2002.05.07 03:38 B C:\penweb1\brushvalley\row1.html <-- PennWeb /users/brushvalley/web row1.html
2002.05.07 03:38 B C:\penweb1\brushvalley\row2.html <-- PennWeb /users/brushvalley/web row2.html
2002.05.07 03:38 B C:\penweb1\brushvalley\row3.html <-- PennWeb /users/brushvalley/web row3.html
2002.05.07 03:38 B C:\penweb1\brushvalley\row4.html <-- PennWeb /users/brushvalley/web row4.html
2002.05.07 03:38 B C:\penweb1\brushvalley\row5.html <-- PennWeb /users/brushvalley/web row5.html
2002.05.07 03:38 B C:\penweb1\brushvalley\row6.html <-- PennWeb /users/brushvalley/web row6.html
2002.05.07 03:38 B C:\penweb1\brushvalley\row7.html <-- PennWeb /users/brushvalley/web row7.html
2002.05.07 03:38 B C:\penweb1\brushvalley\row8.html <-- PennWeb /users/brushvalley/web row8.html
2002.05.07 03:38 B C:\penweb1\brushvalley\rw_110601.html <-- PennWeb /users/brushvalley/web rw_110601.html
2002.05.07 03:38 B C:\penweb1\brushvalley\rwgletter.html <-- PennWeb /users/brushvalley/web rwgletter.html
2002.05.07 03:38 B C:\penweb1\brushvalley\rwgletter.jpg <-- PennWeb /users/brushvalley/web rwgletter.jpg
2002.05.07 03:38 B C:\penweb1\brushvalley\sci.html <-- PennWeb /users/brushvalley/web sci.html
2002.05.07 03:38 B C:\penweb1\brushvalley\scpr.html <-- PennWeb /users/brushvalley/web scpr.html
2002.05.07 03:38 B C:\penweb1\brushvalley\sheet1.gif <-- PennWeb /users/brushvalley/web sheet1.gif
2002.05.07 03:38 B C:\penweb1\brushvalley\sheet2.gif <-- PennWeb /users/brushvalley/web sheet2.gif
2002.05.07 03:38 B C:\penweb1\brushvalley\sign.bmp <-- PennWeb /users/brushvalley/web sign.bmp
2002.05.07 03:38 B C:\penweb1\brushvalley\signin.html <-- PennWeb /users/brushvalley/web signin.html
2002.05.07 03:38 B C:\penweb1\brushvalley\sites.html <-- PennWeb /users/brushvalley/web sites.html
2002.05.07 03:38 B C:\penweb1\brushvalley\spr01.bmp <-- PennWeb /users/brushvalley/web spr01.bmp
2002.05.07 03:38 B C:\penweb1\brushvalley\sum00.bmp <-- PennWeb /users/brushvalley/web sum00.bmp
2002.05.07 03:38 B C:\penweb1\brushvalley\support.html <-- PennWeb /users/brushvalley/web support.html
2002.05.09 21:52 B C:\penweb1\brushvalley\1a.jpg --> www.craftech.com /public_html/mediastation/Penweb/brushvalley 1a.jpg
2002.05.09 21:52 B C:\penweb1\brushvalley\1b.jpg --> www.craftech.com /public_html/mediastation/Penweb/brushvalley 1b.jpg
2002.05.09 21:52 B C:\penweb1\brushvalley\1c.jpg --> www.craftech.com /public_html/mediastation/Penweb/brushvalley 1c.jpg
2002.05.09 21:52 B C:\penweb1\brushvalley\2a.jpg --> www.craftech.com /public_html/mediastation/Penweb/brushvalley 2a.jpg
2002.05.09 21:52 B C:\penweb1\brushvalley\2b.jpg --> www.craftech.com /public_html/mediastation/Penweb/brushvalley 2b.jpg
2002.05.09 21:52 B C:\penweb1\brushvalley\2c.jpg --> www.craftech.com /public_html/mediastation/Penweb/brushvalley 2c.jpg
2002.05.09 21:52 B C:\penweb1\brushvalley\3a.jpg --> www.craftech.com /public_html/mediastation/Penweb/brushvalley 3a.jpg
2002.05.09 21:52 B C:\penweb1\brushvalley\3b.jpg --> www.craftech.com /public_html/mediastation/Penweb/brushvalley 3b.jpg
2002.05.09 21:52 B C:\penweb1\brushvalley\3c.jpg --> www.craftech.com /public_html/mediastation/Penweb/brushvalley 3c.jpg
2002.05.09 21:53 B C:\penweb1\brushvalley\4a.jpg --> www.craftech.com /public_html/mediastation/Penweb/brushvalley 4a.jpg
2002.05.09 21:53 B C:\penweb1\brushvalley\4b.jpg --> www.craftech.com /public_html/mediastation/Penweb/brushvalley 4b.jpg
2002.05.09 21:53 B C:\penweb1\brushvalley\4c.jpg --> www.craftech.com /public_html/mediastation/Penweb/brushvalley 4c.jpg
2002.05.09 21:53 B C:\penweb1\brushvalley\5a.jpg --> www.craftech.com /public_html/mediastation/Penweb/brushvalley 5a.jpg
2002.05.09 21:53 B C:\penweb1\brushvalley\5b.jpg --> www.craftech.com /public_html/mediastation/Penweb/brushvalley 5b.jpg
2002.05.09 21:53 B C:\penweb1\brushvalley\5c.jpg --> www.craftech.com /public_html/mediastation/Penweb/brushvalley 5c.jpg
2002.05.09 21:53 B C:\penweb1\brushvalley\6a.jpg --> www.craftech.com /public_html/mediastation/Penweb/brushvalley 6a.jpg
2002.05.09 21:53 B C:\penweb1\brushvalley\6b.jpg --> www.craftech.com /public_html/mediastation/Penweb/brushvalley 6b.jpg
2002.05.09 21:53 B C:\penweb1\brushvalley\6c.jpg --> www.craftech.com /public_html/mediastation/Penweb/brushvalley 6c.jpg
2002.05.09 21:53 B C:\penweb1\brushvalley\7a.jpg --> www.craftech.com /public_html/mediastation/Penweb/brushvalley 7a.jpg
2002.05.09 21:53 B C:\penweb1\brushvalley\7b.jpg --> www.craftech.com /public_html/mediastation/Penweb/brushvalley 7b.jpg
2002.05.09 21:53 B C:\penweb1\brushvalley\7c.jpg --> www.craftech.com /public_html/mediastation/Penweb/brushvalley 7c.jpg
2002.05.09 21:53 B C:\penweb1\brushvalley\8a.jpg --> www.craftech.com /public_html/mediastation/Penweb/brushvalley 8a.jpg
2002.05.09 21:53 B C:\penweb1\brushvalley\8b.jpg --> www.craftech.com /public_html/mediastation/Penweb/brushvalley 8b.jpg
2002.05.09 21:53 B C:\penweb1\brushvalley\8c.jpg --> www.craftech.com /public_html/mediastation/Penweb/brushvalley 8c.jpg
2002.05.09 21:53 B C:\penweb1\brushvalley\900.html --> www.craftech.com /public_html/mediastation/Penweb/brushvalley 900.html
2002.05.09 21:54 B C:\penweb1\brushvalley\900acres.bmp --> www.craftech.com /public_html/mediastation/Penweb/brushvalley 900acres.bmp
2002.05.09 21:54 B C:\penweb1\brushvalley\900acres.html --> www.craftech.com /public_html/mediastation/Penweb/brushvalley 900acres.html
2002.05.09 21:54 B C:\penweb1\brushvalley\900acres.jpg --> www.craftech.com /public_html/mediastation/Penweb/brushvalley 900acres.jpg
2002.05.09 21:54 B C:\penweb1\brushvalley\agency.html --> www.craftech.com /public_html/mediastation/Penweb/brushvalley agency.html
2002.05.09 21:54 B C:\penweb1\brushvalley\ajbut1.gif --> www.craftech.com /public_html/mediastation/Penweb/brushvalley ajbut1.gif
2002.05.09 21:54 B C:\penweb1\brushvalley\anfy.class --> www.craftech.com /public_html/mediastation/Penweb/brushvalley anfy.class
2002.05.09 21:55 B C:\penweb1\brushvalley\big900.jpg --> www.craftech.com /public_html/mediastation/Penweb/brushvalley big900.jpg
2002.05.09 21:55 B C:\penweb1\brushvalley\bignemap.gif --> www.craftech.com /public_html/mediastation/Penweb/brushvalley bignemap.gif
2002.05.09 21:55 B C:\penweb1\brushvalley\bookflip.class --> www.craftech.com /public_html/mediastation/Penweb/brushvalley bookflip.class
2002.05.09 21:55 B C:\penweb1\brushvalley\bookflip.jar --> www.craftech.com /public_html/mediastation/Penweb/brushvalley bookflip.jar
2002.05.09 21:55 B C:\penweb1\brushvalley\bop.html --> www.craftech.com /public_html/mediastation/Penweb/brushvalley bop.html
2002.05.09 21:55 B C:\penweb1\brushvalley\bullet.gif --> www.craftech.com /public_html/mediastation/Penweb/brushvalley bullet.gif
2002.05.09 21:55 B C:\penweb1\brushvalley\bvpa.html --> www.craftech.com /public_html/mediastation/Penweb/brushvalley bvpa.html
2002.05.09 21:55 B C:\penweb1\brushvalley\bvpa1.html --> www.craftech.com /public_html/mediastation/Penweb/brushvalley bvpa1.html
2002.05.09 21:55 B C:\penweb1\brushvalley\bvpa2.html --> www.craftech.com /public_html/mediastation/Penweb/brushvalley bvpa2.html
2002.05.09 21:55 B C:\penweb1\brushvalley\circlelake.bmp --> www.craftech.com /public_html/mediastation/Penweb/brushvalley circlelake.bmp
2002.05.09 21:55 B C:\penweb1\brushvalley\contact.bmp --> www.craftech.com /public_html/mediastation/Penweb/brushvalley contact.bmp
2002.05.09 21:55 B C:\penweb1\brushvalley\contact.html --> www.craftech.com /public_html/mediastation/Penweb/brushvalley contact.html
2002.05.09 21:55 B C:\penweb1\brushvalley\contact1.html --> www.craftech.com /public_html/mediastation/Penweb/brushvalley contact1.html
2002.05.09 21:55 B C:\penweb1\brushvalley\contact2.html --> www.craftech.com /public_html/mediastation/Penweb/brushvalley contact2.html
2002.05.09 21:55 B C:\penweb1\brushvalley\decide.html --> www.craftech.com /public_html/mediastation/Penweb/brushvalley decide.html
2002.05.09 21:55 B C:\penweb1\brushvalley\deis.html --> www.craftech.com /public_html/mediastation/Penweb/brushvalley deis.html
2002.05.09 21:55 B C:\penweb1\brushvalley\depdcnr.html --> www.craftech.com /public_html/mediastation/Penweb/brushvalley depdcnr.html
2002.05.09 21:56 B C:\penweb1\brushvalley\depdcnr1.jpg --> www.craftech.com /public_html/mediastation/Penweb/brushvalley depdcnr1.jpg
2002.05.09 21:56 B C:\penweb1\brushvalley\depdcnr2.html --> www.craftech.com /public_html/mediastation/Penweb/brushvalley depdcnr2.html
2002.05.09 21:56 B C:\penweb1\brushvalley\depdcnr2.JPG --> www.craftech.com /public_html/mediastation/Penweb/brushvalley depdcnr2.JPG
2002.05.09 21:56 B C:\penweb1\brushvalley\depdcnr3.html --> www.craftech.com /public_html/mediastation/Penweb/brushvalley depdcnr3.html
2002.05.09 21:56 B C:\penweb1\brushvalley\depdcnr3.JPG --> www.craftech.com /public_html/mediastation/Penweb/brushvalley depdcnr3.JPG
2002.05.09 21:56 B C:\penweb1\brushvalley\dgaletter.html --> www.craftech.com /public_html/mediastation/Penweb/brushvalley dgaletter.html
2002.05.09 21:56 B C:\penweb1\brushvalley\dgaletter.jpg --> www.craftech.com /public_html/mediastation/Penweb/brushvalley dgaletter.jpg
2002.05.09 21:56 B C:\penweb1\brushvalley\editorial.html --> www.craftech.com /public_html/mediastation/Penweb/brushvalley editorial.html
2002.05.09 21:56 B C:\penweb1\brushvalley\ek1.html --> www.craftech.com /public_html/mediastation/Penweb/brushvalley ek1.html
2002.05.09 21:56 B C:\penweb1\brushvalley\ek_022201.html --> www.craftech.com /public_html/mediastation/Penweb/brushvalley ek_022201.html
2002.05.09 21:56 B C:\penweb1\brushvalley\ek_102500.html --> www.craftech.com /public_html/mediastation/Penweb/brushvalley ek_102500.html
2002.05.09 21:56 B C:\penweb1\brushvalley\ek_111600.html --> www.craftech.com /public_html/mediastation/Penweb/brushvalley ek_111600.html
2002.05.09 21:56 B C:\penweb1\brushvalley\ekletter.gif --> www.craftech.com /public_html/mediastation/Penweb/brushvalley ekletter.gif
2002.05.09 21:56 B C:\penweb1\brushvalley\ekletter.html --> www.craftech.com /public_html/mediastation/Penweb/brushvalley ekletter.html
2002.05.09 21:56 B C:\penweb1\brushvalley\email.bmp --> www.craftech.com /public_html/mediastation/Penweb/brushvalley email.bmp
2002.05.09 21:56 B C:\penweb1\brushvalley\epa.html --> www.craftech.com /public_html/mediastation/Penweb/brushvalley epa.html
2002.05.09 21:56 B C:\penweb1\brushvalley\epa1.jpg --> www.craftech.com /public_html/mediastation/Penweb/brushvalley epa1.jpg
2002.05.09 21:56 B C:\penweb1\brushvalley\epa2.html --> www.craftech.com /public_html/mediastation/Penweb/brushvalley epa2.html
2002.05.09 21:57 B C:\penweb1\brushvalley\epa2.JPG --> www.craftech.com /public_html/mediastation/Penweb/brushvalley epa2.JPG
2002.05.09 21:57 B C:\penweb1\brushvalley\facts.html --> www.craftech.com /public_html/mediastation/Penweb/brushvalley facts.html
2002.05.09 21:57 B C:\penweb1\brushvalley\fall00.bmp --> www.craftech.com /public_html/mediastation/Penweb/brushvalley fall00.bmp
2002.05.09 21:57 B C:\penweb1\brushvalley\fishboat.html --> www.craftech.com /public_html/mediastation/Penweb/brushvalley fishboat.html
2002.05.09 21:57 B C:\penweb1\brushvalley\fishboat.jpg --> www.craftech.com /public_html/mediastation/Penweb/brushvalley fishboat.jpg
2002.05.09 21:57 B C:\penweb1\brushvalley\gallery.html --> www.craftech.com /public_html/mediastation/Penweb/brushvalley gallery.html
2002.05.09 21:57 B C:\penweb1\brushvalley\help.html --> www.craftech.com /public_html/mediastation/Penweb/brushvalley help.html
2002.05.09 21:57 B C:\penweb1\brushvalley\index.html --> www.craftech.com /public_html/mediastation/Penweb/brushvalley index.html
2002.05.09 21:57 B C:\penweb1\brushvalley\interior.html --> www.craftech.com /public_html/mediastation/Penweb/brushvalley interior.html
2002.05.09 21:57 B C:\penweb1\brushvalley\interior.jpg --> www.craftech.com /public_html/mediastation/Penweb/brushvalley interior.jpg
2002.05.09 21:57 B C:\penweb1\brushvalley\Interior1.jpg --> www.craftech.com /public_html/mediastation/Penweb/brushvalley Interior1.jpg
2002.05.09 21:57 B C:\penweb1\brushvalley\interior2.html --> www.craftech.com /public_html/mediastation/Penweb/brushvalley interior2.html
2002.05.09 21:58 B C:\penweb1\brushvalley\Interior2.jpg --> www.craftech.com /public_html/mediastation/Penweb/brushvalley Interior2.jpg
2002.05.09 21:58 B C:\penweb1\brushvalley\interior3.html --> www.craftech.com /public_html/mediastation/Penweb/brushvalley interior3.html
2002.05.09 21:58 B C:\penweb1\brushvalley\Interior3.JPG --> www.craftech.com /public_html/mediastation/Penweb/brushvalley Interior3.JPG
2002.05.09 21:58 B C:\penweb1\brushvalley\interior4.html --> www.craftech.com /public_html/mediastation/Penweb/brushvalley interior4.html
2002.05.09 21:58 B C:\penweb1\brushvalley\Interior4.JPG --> www.craftech.com /public_html/mediastation/Penweb/brushvalley Interior4.JPG
2002.05.09 21:58 B C:\penweb1\brushvalley\interior5.html --> www.craftech.com /public_html/mediastation/Penweb/brushvalley interior5.html
2002.05.09 21:58 B C:\penweb1\brushvalley\Interior5.JPG --> www.craftech.com /public_html/mediastation/Penweb/brushvalley Interior5.JPG
2002.05.09 21:58 B C:\penweb1\brushvalley\jf072501.html --> www.craftech.com /public_html/mediastation/Penweb/brushvalley jf072501.html
2002.05.09 21:58 B C:\penweb1\brushvalley\jf_010302.html --> www.craftech.com /public_html/mediastation/Penweb/brushvalley jf_010302.html
2002.05.09 21:58 B C:\penweb1\brushvalley\jf_010501.html --> www.craftech.com /public_html/mediastation/Penweb/brushvalley jf_010501.html
2002.05.09 21:58 B C:\penweb1\brushvalley\jf_011501.html --> www.craftech.com /public_html/mediastation/Penweb/brushvalley jf_011501.html
2002.05.09 21:58 B C:\penweb1\brushvalley\jf_020101.html --> www.craftech.com /public_html/mediastation/Penweb/brushvalley jf_020101.html
2002.05.09 21:58 B C:\penweb1\brushvalley\jf_021601.html --> www.craftech.com /public_html/mediastation/Penweb/brushvalley jf_021601.html
2002.05.09 21:58 B C:\penweb1\brushvalley\jf_022302.html --> www.craftech.com /public_html/mediastation/Penweb/brushvalley jf_022302.html
2002.05.09 21:58 B C:\penweb1\brushvalley\jf_030701.html --> www.craftech.com /public_html/mediastation/Penweb/brushvalley jf_030701.html
2002.05.09 21:58 B C:\penweb1\brushvalley\jf_033101.html --> www.craftech.com /public_html/mediastation/Penweb/brushvalley jf_033101.html
2002.05.09 21:58 B C:\penweb1\brushvalley\jf_050201.html --> www.craftech.com /public_html/mediastation/Penweb/brushvalley jf_050201.html
2002.05.09 21:58 B C:\penweb1\brushvalley\jf_050901.html --> www.craftech.com /public_html/mediastation/Penweb/brushvalley jf_050901.html
2002.05.09 21:58 B C:\penweb1\brushvalley\jf_082001.html --> www.craftech.com /public_html/mediastation/Penweb/brushvalley jf_082001.html
2002.05.09 21:58 B C:\penweb1\brushvalley\jf_102201.html --> www.craftech.com /public_html/mediastation/Penweb/brushvalley jf_102201.html
2002.05.09 21:58 B C:\penweb1\brushvalley\jf_111301.html --> www.craftech.com /public_html/mediastation/Penweb/brushvalley jf_111301.html
2002.05.09 21:58 B C:\penweb1\brushvalley\jf_120800.html --> www.craftech.com /public_html/mediastation/Penweb/brushvalley jf_120800.html
2002.05.09 21:58 B C:\penweb1\brushvalley\join.bmp --> www.craftech.com /public_html/mediastation/Penweb/brushvalley join.bmp
2002.05.09 21:58 B C:\penweb1\brushvalley\joinbvpa.bmp --> www.craftech.com /public_html/mediastation/Penweb/brushvalley joinbvpa.bmp
2002.05.09 21:58 B C:\penweb1\brushvalley\jr_010801.html --> www.craftech.com /public_html/mediastation/Penweb/brushvalley jr_010801.html
2002.05.09 21:58 B C:\penweb1\brushvalley\jr_020301.html --> www.craftech.com /public_html/mediastation/Penweb/brushvalley jr_020301.html
2002.05.09 21:58 B C:\penweb1\brushvalley\jr_021501.html --> www.craftech.com /public_html/mediastation/Penweb/brushvalley jr_021501.html
2002.05.09 21:58 B C:\penweb1\brushvalley\jr_042800.html --> www.craftech.com /public_html/mediastation/Penweb/brushvalley jr_042800.html
2002.05.09 21:58 B C:\penweb1\brushvalley\jr_043001.html --> www.craftech.com /public_html/mediastation/Penweb/brushvalley jr_043001.html
2002.05.09 21:58 B C:\penweb1\brushvalley\jr_083000.html --> www.craftech.com /public_html/mediastation/Penweb/brushvalley jr_083000.html
2002.05.09 21:58 B C:\penweb1\brushvalley\jr_102501.html --> www.craftech.com /public_html/mediastation/Penweb/brushvalley jr_102501.html
2002.05.09 21:58 B C:\penweb1\brushvalley\jr_111500.html --> www.craftech.com /public_html/mediastation/Penweb/brushvalley jr_111500.html
2002.05.09 21:58 B C:\penweb1\brushvalley\jr_121200.html --> www.craftech.com /public_html/mediastation/Penweb/brushvalley jr_121200.html
2002.05.09 21:58 B C:\penweb1\brushvalley\jrf_033101.html --> www.craftech.com /public_html/mediastation/Penweb/brushvalley jrf_033101.html
2002.05.09 21:58 B C:\penweb1\brushvalley\js062001.html --> www.craftech.com /public_html/mediastation/Penweb/brushvalley js062001.html
2002.05.09 21:58 B C:\penweb1\brushvalley\letter.gif --> www.craftech.com /public_html/mediastation/Penweb/brushvalley letter.gif
2002.05.09 21:59 B C:\penweb1\brushvalley\lhenryrpt.PDF --> www.craftech.com /public_html/mediastation/Penweb/brushvalley lhenryrpt.PDF
2002.05.09 21:59 B C:\penweb1\brushvalley\links.html --> www.craftech.com /public_html/mediastation/Penweb/brushvalley links.html
2002.05.09 21:59 B C:\penweb1\brushvalley\Lware.class --> www.craftech.com /public_html/mediastation/Penweb/brushvalley Lware.class
2002.05.09 21:59 B C:\penweb1\brushvalley\mail.bmp --> www.craftech.com /public_html/mediastation/Penweb/brushvalley mail.bmp
2002.05.09 21:59 B C:\penweb1\brushvalley\map.bmp --> www.craftech.com /public_html/mediastation/Penweb/brushvalley map.bmp
2002.05.09 21:59 B C:\penweb1\brushvalley\map.html --> www.craftech.com /public_html/mediastation/Penweb/brushvalley map.html
2002.05.09 21:59 B C:\penweb1\brushvalley\map.jpg --> www.craftech.com /public_html/mediastation/Penweb/brushvalley map.jpg
2002.05.09 22:00 B C:\penweb1\brushvalley\member.bmp --> www.craftech.com /public_html/mediastation/Penweb/brushvalley member.bmp
2002.05.09 22:00 B C:\penweb1\brushvalley\member.html --> www.craftech.com /public_html/mediastation/Penweb/brushvalley member.html
2002.05.09 22:00 B C:\penweb1\brushvalley\member.jpg --> www.craftech.com /public_html/mediastation/Penweb/brushvalley member.jpg
2002.05.09 22:00 B C:\penweb1\brushvalley\membership.exe --> www.craftech.com /public_html/mediastation/Penweb/brushvalley membership.exe
2002.05.09 22:00 B C:\penweb1\brushvalley\minerpt.html --> www.craftech.com /public_html/mediastation/Penweb/brushvalley minerpt.html
2002.05.09 22:01 B C:\penweb1\brushvalley\minerpt.jpg --> www.craftech.com /public_html/mediastation/Penweb/brushvalley minerpt.jpg
2002.05.09 22:01 B C:\penweb1\brushvalley\minerpt2.html --> www.craftech.com /public_html/mediastation/Penweb/brushvalley minerpt2.html
2002.05.09 22:01 B C:\penweb1\brushvalley\minerpt2.jpg --> www.craftech.com /public_html/mediastation/Penweb/brushvalley minerpt2.jpg
2002.05.09 22:01 B C:\penweb1\brushvalley\minerpt3.html --> www.craftech.com /public_html/mediastation/Penweb/brushvalley minerpt3.html
2002.05.09 22:01 B C:\penweb1\brushvalley\minerpt3.jpg --> www.craftech.com /public_html/mediastation/Penweb/brushvalley minerpt3.jpg
2002.05.09 22:01 B C:\penweb1\brushvalley\mini1.bmp --> www.craftech.com /public_html/mediastation/Penweb/brushvalley mini1.bmp
2002.05.09 22:01 B C:\penweb1\brushvalley\mini1.gif --> www.craftech.com /public_html/mediastation/Penweb/brushvalley mini1.gif
2002.05.09 22:01 B C:\penweb1\brushvalley\mini10.bmp --> www.craftech.com /public_html/mediastation/Penweb/brushvalley mini10.bmp
2002.05.09 22:01 B C:\penweb1\brushvalley\mini10.gif --> www.craftech.com /public_html/mediastation/Penweb/brushvalley mini10.gif
2002.05.09 22:01 B C:\penweb1\brushvalley\mini12.bmp --> www.craftech.com /public_html/mediastation/Penweb/brushvalley mini12.bmp
2002.05.09 22:02 B C:\penweb1\brushvalley\mini2.bmp --> www.craftech.com /public_html/mediastation/Penweb/brushvalley mini2.bmp
2002.05.09 22:02 B C:\penweb1\brushvalley\mini4.bmp --> www.craftech.com /public_html/mediastation/Penweb/brushvalley mini4.bmp
2002.05.09 22:02 B C:\penweb1\brushvalley\mini5.bmp --> www.craftech.com /public_html/mediastation/Penweb/brushvalley mini5.bmp
2002.05.09 22:02 B C:\penweb1\brushvalley\mini6.bmp --> www.craftech.com /public_html/mediastation/Penweb/brushvalley mini6.bmp
2002.05.09 22:02 B C:\penweb1\brushvalley\mini7.bmp --> www.craftech.com /public_html/mediastation/Penweb/brushvalley mini7.bmp
2002.05.09 22:02 B C:\penweb1\brushvalley\mini7.gif --> www.craftech.com /public_html/mediastation/Penweb/brushvalley mini7.gif
2002.05.09 22:02 B C:\penweb1\brushvalley\mini8.bmp --> www.craftech.com /public_html/mediastation/Penweb/brushvalley mini8.bmp
2002.05.09 22:02 B C:\penweb1\brushvalley\mini9.bmp --> www.craftech.com /public_html/mediastation/Penweb/brushvalley mini9.bmp
2002.05.09 22:03 B C:\penweb1\brushvalley\minibear.bmp --> www.craftech.com /public_html/mediastation/Penweb/brushvalley minibear.bmp
2002.05.09 22:03 B C:\penweb1\brushvalley\minibear.gif --> www.craftech.com /public_html/mediastation/Penweb/brushvalley minibear.gif
2002.05.09 22:03 B C:\penweb1\brushvalley\minibreast.bmp --> www.craftech.com /public_html/mediastation/Penweb/brushvalley minibreast.bmp
2002.05.09 22:03 B C:\penweb1\brushvalley\minibuck1.bmp --> www.craftech.com /public_html/mediastation/Penweb/brushvalley minibuck1.bmp
2002.05.09 22:03 B C:\penweb1\brushvalley\minibuck2.bmp --> www.craftech.com /public_html/mediastation/Penweb/brushvalley minibuck2.bmp
2002.05.09 22:03 B C:\penweb1\brushvalley\minibuck3.bmp --> www.craftech.com /public_html/mediastation/Penweb/brushvalley minibuck3.bmp
2002.05.09 22:03 B C:\penweb1\brushvalley\minibv6.bmp --> www.craftech.com /public_html/mediastation/Penweb/brushvalley minibv6.bmp
2002.05.09 22:03 B C:\penweb1\brushvalley\minibv7.bmp --> www.craftech.com /public_html/mediastation/Penweb/brushvalley minibv7.bmp
2002.05.09 22:04 B C:\penweb1\brushvalley\minibv9.bmp --> www.craftech.com /public_html/mediastation/Penweb/brushvalley minibv9.bmp
2002.05.09 22:04 B C:\penweb1\brushvalley\minibwair.bmp --> www.craftech.com /public_html/mediastation/Penweb/brushvalley minibwair.bmp
2002.05.09 22:04 B C:\penweb1\brushvalley\minibwlake.bmp --> www.craftech.com /public_html/mediastation/Penweb/brushvalley minibwlake.bmp
2002.05.09 22:04 B C:\penweb1\brushvalley\minidam1.bmp --> www.craftech.com /public_html/mediastation/Penweb/brushvalley minidam1.bmp
2002.05.09 22:04 B C:\penweb1\brushvalley\minidam2.bmp --> www.craftech.com /public_html/mediastation/Penweb/brushvalley minidam2.bmp
2002.05.09 22:04 B C:\penweb1\brushvalley\minidam2.gif --> www.craftech.com /public_html/mediastation/Penweb/brushvalley minidam2.gif
2002.05.09 22:04 B C:\penweb1\brushvalley\minideer.bmp --> www.craftech.com /public_html/mediastation/Penweb/brushvalley minideer.bmp
2002.05.09 22:04 B C:\penweb1\brushvalley\minidoe.bmp --> www.craftech.com /public_html/mediastation/Penweb/brushvalley minidoe.bmp
2002.05.09 22:04 B C:\penweb1\brushvalley\minidoe.gif --> www.craftech.com /public_html/mediastation/Penweb/brushvalley minidoe.gif
2002.05.09 22:05 B C:\penweb1\brushvalley\minifawn.bmp --> www.craftech.com /public_html/mediastation/Penweb/brushvalley minifawn.bmp
2002.05.09 22:05 B C:\penweb1\brushvalley\minigeese.bmp --> www.craftech.com /public_html/mediastation/Penweb/brushvalley minigeese.bmp
2002.05.09 22:05 B C:\penweb1\brushvalley\minigeese.gif --> www.craftech.com /public_html/mediastation/Penweb/brushvalley minigeese.gif
2002.05.09 22:05 B C:\penweb1\brushvalley\minigrouse.bmp --> www.craftech.com /public_html/mediastation/Penweb/brushvalley minigrouse.bmp
2002.05.09 22:05 B C:\penweb1\brushvalley\minigrouse.gif --> www.craftech.com /public_html/mediastation/Penweb/brushvalley minigrouse.gif
2002.05.09 22:05 B C:\penweb1\brushvalley\minilake1.bmp --> www.craftech.com /public_html/mediastation/Penweb/brushvalley minilake1.bmp
2002.05.09 22:05 B C:\penweb1\brushvalley\minisprings1.bmp --> www.craftech.com /public_html/mediastation/Penweb/brushvalley minisprings1.bmp
2002.05.09 22:05 B C:\penweb1\brushvalley\mplletter.html --> www.craftech.com /public_html/mediastation/Penweb/brushvalley mplletter.html
2002.05.09 22:05 B C:\penweb1\brushvalley\mplletter.jpg --> www.craftech.com /public_html/mediastation/Penweb/brushvalley mplletter.jpg
2002.05.09 22:05 B C:\penweb1\brushvalley\nateast.html --> www.craftech.com /public_html/mediastation/Penweb/brushvalley nateast.html
2002.05.09 22:05 B C:\penweb1\brushvalley\nd072001.html --> www.craftech.com /public_html/mediastation/Penweb/brushvalley nd072001.html
2002.05.09 22:05 B C:\penweb1\brushvalley\nd_010801.html --> www.craftech.com /public_html/mediastation/Penweb/brushvalley nd_010801.html
2002.05.09 22:05 B C:\penweb1\brushvalley\nd_021502.html --> www.craftech.com /public_html/mediastation/Penweb/brushvalley nd_021502.html
2002.05.09 22:05 B C:\penweb1\brushvalley\nd_022001.html --> www.craftech.com /public_html/mediastation/Penweb/brushvalley nd_022001.html
2002.05.09 22:05 B C:\penweb1\brushvalley\nd_041101.html --> www.craftech.com /public_html/mediastation/Penweb/brushvalley nd_041101.html
2002.05.09 22:05 B C:\penweb1\brushvalley\nd_052401.html --> www.craftech.com /public_html/mediastation/Penweb/brushvalley nd_052401.html
2002.05.09 22:05 B C:\penweb1\brushvalley\nd_090401.html --> www.craftech.com /public_html/mediastation/Penweb/brushvalley nd_090401.html
2002.05.09 22:05 B C:\penweb1\brushvalley\nd_091001.html --> www.craftech.com /public_html/mediastation/Penweb/brushvalley nd_091001.html
2002.05.09 22:05 B C:\penweb1\brushvalley\nd_110201.html --> www.craftech.com /public_html/mediastation/Penweb/brushvalley nd_110201.html
2002.05.09 22:05 B C:\penweb1\brushvalley\nd_112300.html --> www.craftech.com /public_html/mediastation/Penweb/brushvalley nd_112300.html
2002.05.09 22:06 B C:\penweb1\brushvalley\nemap.gif --> www.craftech.com /public_html/mediastation/Penweb/brushvalley nemap.gif
2002.05.09 22:06 B C:\penweb1\brushvalley\nemap.html --> www.craftech.com /public_html/mediastation/Penweb/brushvalley nemap.html
2002.05.09 22:06 B C:\penweb1\brushvalley\news.EXE --> www.craftech.com /public_html/mediastation/Penweb/brushvalley news.EXE
2002.05.09 22:06 B C:\penweb1\brushvalley\newslet1.EXE --> www.craftech.com /public_html/mediastation/Penweb/brushvalley newslet1.EXE
2002.05.09 22:06 B C:\penweb1\brushvalley\newslet2.exe --> www.craftech.com /public_html/mediastation/Penweb/brushvalley newslet2.exe
2002.05.09 22:07 B C:\penweb1\brushvalley\newslet3.exe --> www.craftech.com /public_html/mediastation/Penweb/brushvalley newslet3.exe
2002.05.09 22:07 B C:\penweb1\brushvalley\newsletter.EXE --> www.craftech.com /public_html/mediastation/Penweb/brushvalley newsletter.EXE
2002.05.09 22:07 B C:\penweb1\brushvalley\newsletter.html --> www.craftech.com /public_html/mediastation/Penweb/brushvalley newsletter.html
2002.05.09 22:07 B C:\penweb1\brushvalley\noframesbvpa.html --> www.craftech.com /public_html/mediastation/Penweb/brushvalley noframesbvpa.html
2002.05.09 22:07 B C:\penweb1\brushvalley\penpaper.bmp --> www.craftech.com /public_html/mediastation/Penweb/brushvalley penpaper.bmp
2002.05.09 22:07 B C:\penweb1\brushvalley\photo1.jpg --> www.craftech.com /public_html/mediastation/Penweb/brushvalley photo1.jpg
2002.05.09 22:07 B C:\penweb1\brushvalley\photo5.jpg --> www.craftech.com /public_html/mediastation/Penweb/brushvalley photo5.jpg
2002.05.09 22:07 B C:\penweb1\brushvalley\photo7.jpg --> www.craftech.com /public_html/mediastation/Penweb/brushvalley photo7.jpg
2002.05.09 22:07 B C:\penweb1\brushvalley\photo8.jpg --> www.craftech.com /public_html/mediastation/Penweb/brushvalley photo8.jpg
2002.05.09 22:07 B C:\penweb1\brushvalley\politician.html --> www.craftech.com /public_html/mediastation/Penweb/brushvalley politician.html
2002.05.09 22:07 B C:\penweb1\brushvalley\pr1.html --> www.craftech.com /public_html/mediastation/Penweb/brushvalley pr1.html
2002.05.09 22:07 B C:\penweb1\brushvalley\pr10.html --> www.craftech.com /public_html/mediastation/Penweb/brushvalley pr10.html
2002.05.09 22:07 B C:\penweb1\brushvalley\pr11.html --> www.craftech.com /public_html/mediastation/Penweb/brushvalley pr11.html
2002.05.09 22:07 B C:\penweb1\brushvalley\pr12.html --> www.craftech.com /public_html/mediastation/Penweb/brushvalley pr12.html
2002.05.09 22:07 B C:\penweb1\brushvalley\pr13.html --> www.craftech.com /public_html/mediastation/Penweb/brushvalley pr13.html
2002.05.09 22:07 B C:\penweb1\brushvalley\pr14.html --> www.craftech.com /public_html/mediastation/Penweb/brushvalley pr14.html
2002.05.09 22:07 B C:\penweb1\brushvalley\pr15.html --> www.craftech.com /public_html/mediastation/Penweb/brushvalley pr15.html
2002.05.09 22:07 B C:\penweb1\brushvalley\pr16.html --> www.craftech.com /public_html/mediastation/Penweb/brushvalley pr16.html
2002.05.09 22:07 B C:\penweb1\brushvalley\pr2.html --> www.craftech.com /public_html/mediastation/Penweb/brushvalley pr2.html
2002.05.09 22:07 B C:\penweb1\brushvalley\pr3.html --> www.craftech.com /public_html/mediastation/Penweb/brushvalley pr3.html
2002.05.09 22:07 B C:\penweb1\brushvalley\pr4.html --> www.craftech.com /public_html/mediastation/Penweb/brushvalley pr4.html
2002.05.09 22:08 B C:\penweb1\brushvalley\pr5.html --> www.craftech.com /public_html/mediastation/Penweb/brushvalley pr5.html
2002.05.09 22:08 B C:\penweb1\brushvalley\pr6.html --> www.craftech.com /public_html/mediastation/Penweb/brushvalley pr6.html
2002.05.09 22:08 B C:\penweb1\brushvalley\pr7.html --> www.craftech.com /public_html/mediastation/Penweb/brushvalley pr7.html
2002.05.09 22:08 B C:\penweb1\brushvalley\pr8.html --> www.craftech.com /public_html/mediastation/Penweb/brushvalley pr8.html
2002.05.09 22:08 B C:\penweb1\brushvalley\pr9.html --> www.craftech.com /public_html/mediastation/Penweb/brushvalley pr9.html
2002.05.09 22:08 B C:\penweb1\brushvalley\press.html --> www.craftech.com /public_html/mediastation/Penweb/brushvalley press.html
2002.05.09 22:08 B C:\penweb1\brushvalley\prone.html --> www.craftech.com /public_html/mediastation/Penweb/brushvalley prone.html
2002.05.09 22:08 B C:\penweb1\brushvalley\prtwo.html --> www.craftech.com /public_html/mediastation/Penweb/brushvalley prtwo.html
2002.05.09 22:08 B C:\penweb1\brushvalley\psc.html --> www.craftech.com /public_html/mediastation/Penweb/brushvalley psc.html
2002.05.09 22:08 B C:\penweb1\brushvalley\row1.html --> www.craftech.com /public_html/mediastation/Penweb/brushvalley row1.html
2002.05.09 22:08 B C:\penweb1\brushvalley\row2.html --> www.craftech.com /public_html/mediastation/Penweb/brushvalley row2.html
2002.05.09 22:08 B C:\penweb1\brushvalley\row3.html --> www.craftech.com /public_html/mediastation/Penweb/brushvalley row3.html
2002.05.09 22:08 B C:\penweb1\brushvalley\row4.html --> www.craftech.com /public_html/mediastation/Penweb/brushvalley row4.html
2002.05.09 22:08 B C:\penweb1\brushvalley\row5.html --> www.craftech.com /public_html/mediastation/Penweb/brushvalley row5.html
2002.05.09 22:08 B C:\penweb1\brushvalley\row6.html --> www.craftech.com /public_html/mediastation/Penweb/brushvalley row6.html
2002.05.09 22:08 B C:\penweb1\brushvalley\row7.html --> www.craftech.com /public_html/mediastation/Penweb/brushvalley row7.html
2002.05.09 22:08 B C:\penweb1\brushvalley\row8.html --> www.craftech.com /public_html/mediastation/Penweb/brushvalley row8.html
2002.05.09 22:08 B C:\penweb1\brushvalley\rw_110601.html --> www.craftech.com /public_html/mediastation/Penweb/brushvalley rw_110601.html
2002.05.09 22:08 B C:\penweb1\brushvalley\rwgletter.html --> www.craftech.com /public_html/mediastation/Penweb/brushvalley rwgletter.html
2002.05.09 22:08 B C:\penweb1\brushvalley\rwgletter.jpg --> www.craftech.com /public_html/mediastation/Penweb/brushvalley rwgletter.jpg
2002.05.09 22:08 B C:\penweb1\brushvalley\sci.html --> www.craftech.com /public_html/mediastation/Penweb/brushvalley sci.html
2002.05.09 22:08 B C:\penweb1\brushvalley\scpr.html --> www.craftech.com /public_html/mediastation/Penweb/brushvalley scpr.html
2002.05.09 22:08 B C:\penweb1\brushvalley\sheet1.gif --> www.craftech.com /public_html/mediastation/Penweb/brushvalley sheet1.gif
2002.05.09 22:08 B C:\penweb1\brushvalley\sheet2.gif --> www.craftech.com /public_html/mediastation/Penweb/brushvalley sheet2.gif
2002.05.09 22:08 B C:\penweb1\brushvalley\sign.bmp --> www.craftech.com /public_html/mediastation/Penweb/brushvalley sign.bmp
2002.05.09 22:08 B C:\penweb1\brushvalley\signin.html --> www.craftech.com /public_html/mediastation/Penweb/brushvalley signin.html
2002.05.09 22:08 B C:\penweb1\brushvalley\sites.html --> www.craftech.com /public_html/mediastation/Penweb/brushvalley sites.html
2002.05.09 22:08 B C:\penweb1\brushvalley\spr01.bmp --> www.craftech.com /public_html/mediastation/Penweb/brushvalley spr01.bmp
2002.05.09 22:08 B C:\penweb1\brushvalley\sum00.bmp --> www.craftech.com /public_html/mediastation/Penweb/brushvalley sum00.bmp
2002.05.09 22:08 B C:\penweb1\brushvalley\support.html --> www.craftech.com /public_html/mediastation/Penweb/brushvalley support.html
